<?xml version='1.0' encoding='UTF-8'?>
<testsuite hostname="xuankentay" name="funsets.FunSetSuite" tests="3" errors="0" failures="0" skipped="0" time="0.081" timestamp="2020-02-28T00:23:25">
                     <properties>
[...]
</properties>
                     <testcase classname="funsets.FunSetSuite" name="singleton set one contains one" time="0.076">
                                                 
                                               </testcase><testcase classname="funsets.FunSetSuite" name="union contains all elements of each set" time="0.003">
                                                 
                                               </testcase><testcase classname="funsets.FunSetSuite" name="contains is implemented" time="0.002">
                                                 
                                               </testcase>
                     <system-out><![CDATA[]]></system-out>
                     <system-err><![CDATA[]]></system-err>
                   </testsuite>